<?xml version="1.0" encoding="UTF-8"?>
<!-- Generated by org.testng.reporters.JUnitXMLReporter -->
<testsuite ignored="0" hostname="Jahid-Momin" failures="0" tests="4" name="Website Test" time="11.362" errors="0" timestamp="2024-10-29T15:58:36 IST">
  <testcase classname="com.example.webtests.WebsiteTest" name="testEnterValidMobileNumberAndOTP" time="1.832"/>
  <testcase classname="com.example.webtests.SampleServiceTest" name="testAdd" time="0.0"/>
  <testcase classname="com.example.webtests.SampleServiceTest" name="testGreetWithName" time="0.0"/>
  <testcase classname="com.example.webtests.SampleServiceTest" name="testSubtract" time="0.0"/>
</testsuite> <!-- Website Test -->
