<?xml version="1.0" encoding="UTF-8"?>
<testsuite xmlns:xsi="http://www.w3.org/2001/XMLSchema-instance" xsi:noNamespaceSchemaLocation="https://maven.apache.org/surefire/maven-surefire-plugin/xsd/surefire-test-report-3.0.xsd" version="3.0" name="TestSuite" time="12.088" tests="4" errors="0" skipped="0" failures="0">
  <properties>
[...]
</properties>
  <testcase name="testEnterValidMobileNumberAndOTP" classname="com.example.webtests.WebsiteTest" time="1.831">
    <system-err><![CDATA[Oct 29, 2024 3:58:27 PM org.openqa.selenium.devtools.CdpVersionFinder findNearestMatch
WARNING: Unable to find an exact match for CDP version 130, returning the closest version; found: 126; Please update to a Selenium version that supports CDP version 130
]]></system-err>
  </testcase>
  <testcase name="testAdd" classname="com.example.webtests.SampleServiceTest" time="0.001"/>
  <testcase name="testGreetWithName" classname="com.example.webtests.SampleServiceTest" time="0.001"/>
  <testcase name="testSubtract" classname="com.example.webtests.SampleServiceTest" time="0"/>
</testsuite>